\BOOKMARK [0][-]{chapter.1}{Introducci\363n}{}% 1
\BOOKMARK [1][-]{section.1.1}{Objetivo}{chapter.1}% 2
\BOOKMARK [0][-]{chapter.2}{Elementos te\363ricos}{}% 3
\BOOKMARK [1][-]{section.2.1}{Seguridad}{chapter.2}% 4
\BOOKMARK [1][-]{section.2.2}{Criptograf\355a}{chapter.2}% 5
\BOOKMARK [2][-]{subsection.2.2.1}{Protocolos sim\351tricos y asim\351tricos}{section.2.2}% 6
\BOOKMARK [2][-]{subsection.2.2.2}{Problema del logaritmo discreto}{section.2.2}% 7
\BOOKMARK [2][-]{subsection.2.2.3}{Criptolog\355a con curvas el\355pticas - ECC}{section.2.2}% 8
\BOOKMARK [1][-]{section.2.3}{Tecnolog\355a NFC}{chapter.2}% 9
\BOOKMARK [0][-]{chapter.3}{APP: Autenticaci\363n en un sistema ficticio}{}% 10
\BOOKMARK [1][-]{section.3.1}{Introducci\363n}{chapter.3}% 11
\BOOKMARK [1][-]{section.3.2}{Materiales y tecnolog\355as utilizadas}{chapter.3}% 12
\BOOKMARK [1][-]{section.3.3}{Metodolog\355a}{chapter.3}% 13
\BOOKMARK [1][-]{section.3.4}{Escenario}{chapter.3}% 14
\BOOKMARK [1][-]{section.3.5}{Requisitos y funcionalidades}{chapter.3}% 15
\BOOKMARK [1][-]{section.3.6}{Dise\361o y aspecto}{chapter.3}% 16
\BOOKMARK [1][-]{section.3.7}{Seguridad y criptolog\355a}{chapter.3}% 17
\BOOKMARK [1][-]{section.3.8}{Base de datos}{chapter.3}% 18
\BOOKMARK [1][-]{section.3.9}{Aplicaci\363n desarrollada}{chapter.3}% 19
\BOOKMARK [2][-]{subsection.3.9.1}{Inicio y Men\372}{section.3.9}% 20
\BOOKMARK [2][-]{subsection.3.9.2}{Acerca de}{section.3.9}% 21
\BOOKMARK [2][-]{subsection.3.9.3}{Despliegue}{section.3.9}% 22
\BOOKMARK [2][-]{subsection.3.9.4}{Nuevo usuario}{section.3.9}% 23
\BOOKMARK [2][-]{subsection.3.9.5}{Ver usuarios}{section.3.9}% 24
\BOOKMARK [2][-]{subsection.3.9.6}{Verificaci\363n}{section.3.9}% 25
\BOOKMARK [1][-]{section.3.10}{Pruebas}{chapter.3}% 26
\BOOKMARK [0][-]{chapter.4}{Conclusiones}{}% 27
\BOOKMARK [1][-]{section.4.1}{Futuras mejoras}{chapter.4}% 28
\BOOKMARK [0][-]{appendix.Alph1}{Anexo: Comunicaci\363n de claves}{}% 29
\BOOKMARK [0][-]{appendix.Alph2}{Anexo: EC - Pairing}{}% 30
